<?xml version="1.0" encoding="UTF-8" ?>
<testsuite tests="5" failures="0" name="com.studentmng.model.StudentTest" time="0.003" errors="0" skipped="0">
  <properties>
[...]
</properties>
  <testcase classname="com.studentmng.model.StudentTest" name="testGetName" time="0.003"/>
  <testcase classname="com.studentmng.model.StudentTest" name="testSetRollNo" time="0"/>
  <testcase classname="com.studentmng.model.StudentTest" name="testSetName" time="0"/>
  <testcase classname="com.studentmng.model.StudentTest" name="testToString" time="0"/>
  <testcase classname="com.studentmng.model.StudentTest" name="testGetRollNo" time="0"/>
</testsuite>